<?xml version="1.0" encoding="UTF-8"?>
<testng-results ignored="0" total="1" passed="1" failed="0" skipped="0">
  <reporter-output>
  </reporter-output>
  <suite started-at="2023-06-12T22:24:38 BDT" name="Default suite" finished-at="2023-06-12T22:24:41 BDT" duration-ms="2415">
    <groups>
    </groups>
    <test started-at="2023-06-12T22:24:38 BDT" name="Default test" finished-at="2023-06-12T22:24:41 BDT" duration-ms="2415">
      <class name="rest_assured_api_automation.GetUserList$UserList">
        <test-method signature="getUsers()[pri:1, instance:rest_assured_api_automation.GetUserList$UserList@729d991e]" started-at="2023-06-12T22:24:38 BDT" name="getUsers" finished-at="2023-06-12T22:24:41 BDT" duration-ms="2365" status="PASS">
          <reporter-output>
          </reporter-output>
        </test-method> <!-- getUsers -->
      </class> <!-- rest_assured_api_automation.GetUserList$UserList -->
    </test> <!-- Default test -->
  </suite> <!-- Default suite -->
</testng-results>
